11:51:06.902 [nioEventLoopGroup-3-1] ERROR w.c.n.s.h.t.BuildPackageUseForClientHandler - 发送消息发生异常！
io.netty.handler.codec.EncoderException: java.lang.ClassCastException: y8.protos.GmCommandProtos$Sm_GmCommand cannot be cast to y8.protos.MessageHandlerProtos$Response
	at io.netty.handler.codec.MessageToMessageEncoder.write(MessageToMessageEncoder.java:106)
	at io.netty.channel.AbstractChannelHandlerContext.invokeWrite0(AbstractChannelHandlerContext.java:748)
	at io.netty.channel.AbstractChannelHandlerContext.invokeWriteAndFlush(AbstractChannelHandlerContext.java:811)
	at io.netty.channel.AbstractChannelHandlerContext.write(AbstractChannelHandlerContext.java:824)
	at io.netty.channel.AbstractChannelHandlerContext.writeAndFlush(AbstractChannelHandlerContext.java:804)
	at io.netty.channel.AbstractChannelHandlerContext.writeAndFlush(AbstractChannelHandlerContext.java:841)
	at io.netty.channel.DefaultChannelPipeline.writeAndFlush(DefaultChannelPipeline.java:1032)
	at io.netty.channel.AbstractChannel.writeAndFlush(AbstractChannel.java:296)
	at ws.common.network.server.implement._TcpConnection.send(_TcpConnection.java:23)
	at ws.test.TestServer$1.onReceive(TestServer.java:56)
	at ws.common.network.server.implement._NetworkHandler.onReceive(_NetworkHandler.java:41)
	at ws.common.network.server.handler.tcp.ParsePackageFromClientHandler.broadcastMessage(ParsePackageFromClientHandler.java:139)
	at ws.common.network.server.handler.tcp.ParsePackageFromClientHandler.channelRead0(ParsePackageFromClientHandler.java:62)
	at ws.common.network.server.handler.tcp.ParsePackageFromClientHandler.channelRead0(ParsePackageFromClientHandler.java:17)
	at io.netty.channel.SimpleChannelInboundHandler.channelRead(SimpleChannelInboundHandler.java:105)
	at io.netty.channel.AbstractChannelHandlerContext.invokeChannelRead(AbstractChannelHandlerContext.java:372)
	at io.netty.channel.AbstractChannelHandlerContext.invokeChannelRead(AbstractChannelHandlerContext.java:358)
	at io.netty.channel.AbstractChannelHandlerContext.fireChannelRead(AbstractChannelHandlerContext.java:350)
	at io.netty.handler.codec.ByteToMessageDecoder.fireChannelRead(ByteToMessageDecoder.java:293)
	at io.netty.handler.codec.ByteToMessageDecoder.channelRead(ByteToMessageDecoder.java:267)
	at io.netty.channel.AbstractChannelHandlerContext.invokeChannelRead(AbstractChannelHandlerContext.java:372)
	at io.netty.channel.AbstractChannelHandlerContext.invokeChannelRead(AbstractChannelHandlerContext.java:358)
	at io.netty.channel.AbstractChannelHandlerContext.fireChannelRead(AbstractChannelHandlerContext.java:350)
	at io.netty.channel.ChannelInboundHandlerAdapter.channelRead(ChannelInboundHandlerAdapter.java:86)
	at io.netty.channel.AbstractChannelHandlerContext.invokeChannelRead(AbstractChannelHandlerContext.java:372)
	at io.netty.channel.AbstractChannelHandlerContext.invokeChannelRead(AbstractChannelHandlerContext.java:358)
	at io.netty.channel.AbstractChannelHandlerContext.fireChannelRead(AbstractChannelHandlerContext.java:350)
	at io.netty.handler.timeout.IdleStateHandler.channelRead(IdleStateHandler.java:266)
	at io.netty.channel.AbstractChannelHandlerContext.invokeChannelRead(AbstractChannelHandlerContext.java:372)
	at io.netty.channel.AbstractChannelHandlerContext.invokeChannelRead(AbstractChannelHandlerContext.java:358)
	at io.netty.channel.AbstractChannelHandlerContext.fireChannelRead(AbstractChannelHandlerContext.java:350)
	at io.netty.channel.ChannelInboundHandlerAdapter.channelRead(ChannelInboundHandlerAdapter.java:86)
	at io.netty.channel.AbstractChannelHandlerContext.invokeChannelRead(AbstractChannelHandlerContext.java:372)
	at io.netty.channel.AbstractChannelHandlerContext.invokeChannelRead(AbstractChannelHandlerContext.java:358)
	at io.netty.channel.AbstractChannelHandlerContext.fireChannelRead(AbstractChannelHandlerContext.java:350)
	at io.netty.handler.timeout.IdleStateHandler.channelRead(IdleStateHandler.java:266)
	at io.netty.channel.AbstractChannelHandlerContext.invokeChannelRead(AbstractChannelHandlerContext.java:372)
	at io.netty.channel.AbstractChannelHandlerContext.invokeChannelRead(AbstractChannelHandlerContext.java:358)
	at io.netty.channel.AbstractChannelHandlerContext.fireChannelRead(AbstractChannelHandlerContext.java:350)
	at io.netty.channel.DefaultChannelPipeline$HeadContext.channelRead(DefaultChannelPipeline.java:1334)
	at io.netty.channel.AbstractChannelHandlerContext.invokeChannelRead(AbstractChannelHandlerContext.java:372)
	at io.netty.channel.AbstractChannelHandlerContext.invokeChannelRead(AbstractChannelHandlerContext.java:358)
	at io.netty.channel.DefaultChannelPipeline.fireChannelRead(DefaultChannelPipeline.java:926)
	at io.netty.channel.nio.AbstractNioByteChannel$NioByteUnsafe.read(AbstractNioByteChannel.java:129)
	at io.netty.channel.nio.NioEventLoop.processSelectedKey(NioEventLoop.java:571)
	at io.netty.channel.nio.NioEventLoop.processSelectedKeysOptimized(NioEventLoop.java:512)
	at io.netty.channel.nio.NioEventLoop.processSelectedKeys(NioEventLoop.java:426)
	at io.netty.channel.nio.NioEventLoop.run(NioEventLoop.java:398)
	at io.netty.util.concurrent.SingleThreadEventExecutor$5.run(SingleThreadEventExecutor.java:877)
	at io.netty.util.concurrent.DefaultThreadFactory$DefaultRunnableDecorator.run(DefaultThreadFactory.java:144)
	at java.lang.Thread.run(Thread.java:745)
Caused by: java.lang.ClassCastException: y8.protos.GmCommandProtos$Sm_GmCommand cannot be cast to y8.protos.MessageHandlerProtos$Response
	at ws.common.network.server.handler.tcp.BuildPackageUseForClientHandler.encode(BuildPackageUseForClientHandler.java:32)
	at ws.common.network.server.handler.tcp.BuildPackageUseForClientHandler.encode(BuildPackageUseForClientHandler.java:18)
	at io.netty.handler.codec.MessageToMessageEncoder.write(MessageToMessageEncoder.java:88)
	... 50 common frames omitted
11:51:36.726 [nioEventLoopGroup-3-1] ERROR w.c.n.s.h.t.BuildPackageUseForClientHandler - 发送消息发生异常！
io.netty.handler.codec.EncoderException: java.lang.ClassCastException: y8.protos.GmCommandProtos$Sm_GmCommand cannot be cast to y8.protos.MessageHandlerProtos$Response
	at io.netty.handler.codec.MessageToMessageEncoder.write(MessageToMessageEncoder.java:106)
	at io.netty.channel.AbstractChannelHandlerContext.invokeWrite0(AbstractChannelHandlerContext.java:748)
	at io.netty.channel.AbstractChannelHandlerContext.invokeWriteAndFlush(AbstractChannelHandlerContext.java:811)
	at io.netty.channel.AbstractChannelHandlerContext.write(AbstractChannelHandlerContext.java:824)
	at io.netty.channel.AbstractChannelHandlerContext.writeAndFlush(AbstractChannelHandlerContext.java:804)
	at io.netty.channel.AbstractChannelHandlerContext.writeAndFlush(AbstractChannelHandlerContext.java:841)
	at io.netty.channel.DefaultChannelPipeline.writeAndFlush(DefaultChannelPipeline.java:1032)
	at io.netty.channel.AbstractChannel.writeAndFlush(AbstractChannel.java:296)
	at ws.common.network.server.implement._TcpConnection.send(_TcpConnection.java:23)
	at ws.test.TestServer$1.onReceive(TestServer.java:56)
	at ws.common.network.server.implement._NetworkHandler.onReceive(_NetworkHandler.java:41)
	at ws.common.network.server.handler.tcp.ParsePackageFromClientHandler.broadcastMessage(ParsePackageFromClientHandler.java:139)
	at ws.common.network.server.handler.tcp.ParsePackageFromClientHandler.channelRead0(ParsePackageFromClientHandler.java:62)
	at ws.common.network.server.handler.tcp.ParsePackageFromClientHandler.channelRead0(ParsePackageFromClientHandler.java:17)
	at io.netty.channel.SimpleChannelInboundHandler.channelRead(SimpleChannelInboundHandler.java:105)
	at io.netty.channel.AbstractChannelHandlerContext.invokeChannelRead(AbstractChannelHandlerContext.java:372)
	at io.netty.channel.AbstractChannelHandlerContext.invokeChannelRead(AbstractChannelHandlerContext.java:358)
	at io.netty.channel.AbstractChannelHandlerContext.fireChannelRead(AbstractChannelHandlerContext.java:350)
	at io.netty.handler.codec.ByteToMessageDecoder.fireChannelRead(ByteToMessageDecoder.java:293)
	at io.netty.handler.codec.ByteToMessageDecoder.channelRead(ByteToMessageDecoder.java:267)
	at io.netty.channel.AbstractChannelHandlerContext.invokeChannelRead(AbstractChannelHandlerContext.java:372)
	at io.netty.channel.AbstractChannelHandlerContext.invokeChannelRead(AbstractChannelHandlerContext.java:358)
	at io.netty.channel.AbstractChannelHandlerContext.fireChannelRead(AbstractChannelHandlerContext.java:350)
	at io.netty.channel.ChannelInboundHandlerAdapter.channelRead(ChannelInboundHandlerAdapter.java:86)
	at io.netty.channel.AbstractChannelHandlerContext.invokeChannelRead(AbstractChannelHandlerContext.java:372)
	at io.netty.channel.AbstractChannelHandlerContext.invokeChannelRead(AbstractChannelHandlerContext.java:358)
	at io.netty.channel.AbstractChannelHandlerContext.fireChannelRead(AbstractChannelHandlerContext.java:350)
	at io.netty.handler.timeout.IdleStateHandler.channelRead(IdleStateHandler.java:266)
	at io.netty.channel.AbstractChannelHandlerContext.invokeChannelRead(AbstractChannelHandlerContext.java:372)
	at io.netty.channel.AbstractChannelHandlerContext.invokeChannelRead(AbstractChannelHandlerContext.java:358)
	at io.netty.channel.AbstractChannelHandlerContext.fireChannelRead(AbstractChannelHandlerContext.java:350)
	at io.netty.channel.ChannelInboundHandlerAdapter.channelRead(ChannelInboundHandlerAdapter.java:86)
	at io.netty.channel.AbstractChannelHandlerContext.invokeChannelRead(AbstractChannelHandlerContext.java:372)
	at io.netty.channel.AbstractChannelHandlerContext.invokeChannelRead(AbstractChannelHandlerContext.java:358)
	at io.netty.channel.AbstractChannelHandlerContext.fireChannelRead(AbstractChannelHandlerContext.java:350)
	at io.netty.handler.timeout.IdleStateHandler.channelRead(IdleStateHandler.java:266)
	at io.netty.channel.AbstractChannelHandlerContext.invokeChannelRead(AbstractChannelHandlerContext.java:372)
	at io.netty.channel.AbstractChannelHandlerContext.invokeChannelRead(AbstractChannelHandlerContext.java:358)
	at io.netty.channel.AbstractChannelHandlerContext.fireChannelRead(AbstractChannelHandlerContext.java:350)
	at io.netty.channel.DefaultChannelPipeline$HeadContext.channelRead(DefaultChannelPipeline.java:1334)
	at io.netty.channel.AbstractChannelHandlerContext.invokeChannelRead(AbstractChannelHandlerContext.java:372)
	at io.netty.channel.AbstractChannelHandlerContext.invokeChannelRead(AbstractChannelHandlerContext.java:358)
	at io.netty.channel.DefaultChannelPipeline.fireChannelRead(DefaultChannelPipeline.java:926)
	at io.netty.channel.nio.AbstractNioByteChannel$NioByteUnsafe.read(AbstractNioByteChannel.java:129)
	at io.netty.channel.nio.NioEventLoop.processSelectedKey(NioEventLoop.java:571)
	at io.netty.channel.nio.NioEventLoop.processSelectedKeysOptimized(NioEventLoop.java:512)
	at io.netty.channel.nio.NioEventLoop.processSelectedKeys(NioEventLoop.java:426)
	at io.netty.channel.nio.NioEventLoop.run(NioEventLoop.java:398)
	at io.netty.util.concurrent.SingleThreadEventExecutor$5.run(SingleThreadEventExecutor.java:877)
	at io.netty.util.concurrent.DefaultThreadFactory$DefaultRunnableDecorator.run(DefaultThreadFactory.java:144)
	at java.lang.Thread.run(Thread.java:745)
Caused by: java.lang.ClassCastException: y8.protos.GmCommandProtos$Sm_GmCommand cannot be cast to y8.protos.MessageHandlerProtos$Response
	at ws.common.network.server.handler.tcp.BuildPackageUseForClientHandler.encode(BuildPackageUseForClientHandler.java:32)
	at ws.common.network.server.handler.tcp.BuildPackageUseForClientHandler.encode(BuildPackageUseForClientHandler.java:18)
	at io.netty.handler.codec.MessageToMessageEncoder.write(MessageToMessageEncoder.java:88)
	... 50 common frames omitted
11:52:06.726 [nioEventLoopGroup-3-1] ERROR w.c.n.s.h.t.BuildPackageUseForClientHandler - 发送消息发生异常！
io.netty.handler.codec.EncoderException: java.lang.ClassCastException: y8.protos.GmCommandProtos$Sm_GmCommand cannot be cast to y8.protos.MessageHandlerProtos$Response
	at io.netty.handler.codec.MessageToMessageEncoder.write(MessageToMessageEncoder.java:106)
	at io.netty.channel.AbstractChannelHandlerContext.invokeWrite0(AbstractChannelHandlerContext.java:748)
	at io.netty.channel.AbstractChannelHandlerContext.invokeWriteAndFlush(AbstractChannelHandlerContext.java:811)
	at io.netty.channel.AbstractChannelHandlerContext.write(AbstractChannelHandlerContext.java:824)
	at io.netty.channel.AbstractChannelHandlerContext.writeAndFlush(AbstractChannelHandlerContext.java:804)
	at io.netty.channel.AbstractChannelHandlerContext.writeAndFlush(AbstractChannelHandlerContext.java:841)
	at io.netty.channel.DefaultChannelPipeline.writeAndFlush(DefaultChannelPipeline.java:1032)
	at io.netty.channel.AbstractChannel.writeAndFlush(AbstractChannel.java:296)
	at ws.common.network.server.implement._TcpConnection.send(_TcpConnection.java:23)
	at ws.test.TestServer$1.onReceive(TestServer.java:56)
	at ws.common.network.server.implement._NetworkHandler.onReceive(_NetworkHandler.java:41)
	at ws.common.network.server.handler.tcp.ParsePackageFromClientHandler.broadcastMessage(ParsePackageFromClientHandler.java:139)
	at ws.common.network.server.handler.tcp.ParsePackageFromClientHandler.channelRead0(ParsePackageFromClientHandler.java:62)
	at ws.common.network.server.handler.tcp.ParsePackageFromClientHandler.channelRead0(ParsePackageFromClientHandler.java:17)
	at io.netty.channel.SimpleChannelInboundHandler.channelRead(SimpleChannelInboundHandler.java:105)
	at io.netty.channel.AbstractChannelHandlerContext.invokeChannelRead(AbstractChannelHandlerContext.java:372)
	at io.netty.channel.AbstractChannelHandlerContext.invokeChannelRead(AbstractChannelHandlerContext.java:358)
	at io.netty.channel.AbstractChannelHandlerContext.fireChannelRead(AbstractChannelHandlerContext.java:350)
	at io.netty.handler.codec.ByteToMessageDecoder.fireChannelRead(ByteToMessageDecoder.java:293)
	at io.netty.handler.codec.ByteToMessageDecoder.channelRead(ByteToMessageDecoder.java:267)
	at io.netty.channel.AbstractChannelHandlerContext.invokeChannelRead(AbstractChannelHandlerContext.java:372)
	at io.netty.channel.AbstractChannelHandlerContext.invokeChannelRead(AbstractChannelHandlerContext.java:358)
	at io.netty.channel.AbstractChannelHandlerContext.fireChannelRead(AbstractChannelHandlerContext.java:350)
	at io.netty.channel.ChannelInboundHandlerAdapter.channelRead(ChannelInboundHandlerAdapter.java:86)
	at io.netty.channel.AbstractChannelHandlerContext.invokeChannelRead(AbstractChannelHandlerContext.java:372)
	at io.netty.channel.AbstractChannelHandlerContext.invokeChannelRead(AbstractChannelHandlerContext.java:358)
	at io.netty.channel.AbstractChannelHandlerContext.fireChannelRead(AbstractChannelHandlerContext.java:350)
	at io.netty.handler.timeout.IdleStateHandler.channelRead(IdleStateHandler.java:266)
	at io.netty.channel.AbstractChannelHandlerContext.invokeChannelRead(AbstractChannelHandlerContext.java:372)
	at io.netty.channel.AbstractChannelHandlerContext.invokeChannelRead(AbstractChannelHandlerContext.java:358)
	at io.netty.channel.AbstractChannelHandlerContext.fireChannelRead(AbstractChannelHandlerContext.java:350)
	at io.netty.channel.ChannelInboundHandlerAdapter.channelRead(ChannelInboundHandlerAdapter.java:86)
	at io.netty.channel.AbstractChannelHandlerContext.invokeChannelRead(AbstractChannelHandlerContext.java:372)
	at io.netty.channel.AbstractChannelHandlerContext.invokeChannelRead(AbstractChannelHandlerContext.java:358)
	at io.netty.channel.AbstractChannelHandlerContext.fireChannelRead(AbstractChannelHandlerContext.java:350)
	at io.netty.handler.timeout.IdleStateHandler.channelRead(IdleStateHandler.java:266)
	at io.netty.channel.AbstractChannelHandlerContext.invokeChannelRead(AbstractChannelHandlerContext.java:372)
	at io.netty.channel.AbstractChannelHandlerContext.invokeChannelRead(AbstractChannelHandlerContext.java:358)
	at io.netty.channel.AbstractChannelHandlerContext.fireChannelRead(AbstractChannelHandlerContext.java:350)
	at io.netty.channel.DefaultChannelPipeline$HeadContext.channelRead(DefaultChannelPipeline.java:1334)
	at io.netty.channel.AbstractChannelHandlerContext.invokeChannelRead(AbstractChannelHandlerContext.java:372)
	at io.netty.channel.AbstractChannelHandlerContext.invokeChannelRead(AbstractChannelHandlerContext.java:358)
	at io.netty.channel.DefaultChannelPipeline.fireChannelRead(DefaultChannelPipeline.java:926)
	at io.netty.channel.nio.AbstractNioByteChannel$NioByteUnsafe.read(AbstractNioByteChannel.java:129)
	at io.netty.channel.nio.NioEventLoop.processSelectedKey(NioEventLoop.java:571)
	at io.netty.channel.nio.NioEventLoop.processSelectedKeysOptimized(NioEventLoop.java:512)
	at io.netty.channel.nio.NioEventLoop.processSelectedKeys(NioEventLoop.java:426)
	at io.netty.channel.nio.NioEventLoop.run(NioEventLoop.java:398)
	at io.netty.util.concurrent.SingleThreadEventExecutor$5.run(SingleThreadEventExecutor.java:877)
	at io.netty.util.concurrent.DefaultThreadFactory$DefaultRunnableDecorator.run(DefaultThreadFactory.java:144)
	at java.lang.Thread.run(Thread.java:745)
Caused by: java.lang.ClassCastException: y8.protos.GmCommandProtos$Sm_GmCommand cannot be cast to y8.protos.MessageHandlerProtos$Response
	at ws.common.network.server.handler.tcp.BuildPackageUseForClientHandler.encode(BuildPackageUseForClientHandler.java:32)
	at ws.common.network.server.handler.tcp.BuildPackageUseForClientHandler.encode(BuildPackageUseForClientHandler.java:18)
	at io.netty.handler.codec.MessageToMessageEncoder.write(MessageToMessageEncoder.java:88)
	... 50 common frames omitted
11:52:36.727 [nioEventLoopGroup-3-1] ERROR w.c.n.s.h.t.BuildPackageUseForClientHandler - 发送消息发生异常！
io.netty.handler.codec.EncoderException: java.lang.ClassCastException: y8.protos.GmCommandProtos$Sm_GmCommand cannot be cast to y8.protos.MessageHandlerProtos$Response
	at io.netty.handler.codec.MessageToMessageEncoder.write(MessageToMessageEncoder.java:106)
	at io.netty.channel.AbstractChannelHandlerContext.invokeWrite0(AbstractChannelHandlerContext.java:748)
	at io.netty.channel.AbstractChannelHandlerContext.invokeWriteAndFlush(AbstractChannelHandlerContext.java:811)
	at io.netty.channel.AbstractChannelHandlerContext.write(AbstractChannelHandlerContext.java:824)
	at io.netty.channel.AbstractChannelHandlerContext.writeAndFlush(AbstractChannelHandlerContext.java:804)
	at io.netty.channel.AbstractChannelHandlerContext.writeAndFlush(AbstractChannelHandlerContext.java:841)
	at io.netty.channel.DefaultChannelPipeline.writeAndFlush(DefaultChannelPipeline.java:1032)
	at io.netty.channel.AbstractChannel.writeAndFlush(AbstractChannel.java:296)
	at ws.common.network.server.implement._TcpConnection.send(_TcpConnection.java:23)
	at ws.test.TestServer$1.onReceive(TestServer.java:56)
	at ws.common.network.server.implement._NetworkHandler.onReceive(_NetworkHandler.java:41)
	at ws.common.network.server.handler.tcp.ParsePackageFromClientHandler.broadcastMessage(ParsePackageFromClientHandler.java:139)
	at ws.common.network.server.handler.tcp.ParsePackageFromClientHandler.channelRead0(ParsePackageFromClientHandler.java:62)
	at ws.common.network.server.handler.tcp.ParsePackageFromClientHandler.channelRead0(ParsePackageFromClientHandler.java:17)
	at io.netty.channel.SimpleChannelInboundHandler.channelRead(SimpleChannelInboundHandler.java:105)
	at io.netty.channel.AbstractChannelHandlerContext.invokeChannelRead(AbstractChannelHandlerContext.java:372)
	at io.netty.channel.AbstractChannelHandlerContext.invokeChannelRead(AbstractChannelHandlerContext.java:358)
	at io.netty.channel.AbstractChannelHandlerContext.fireChannelRead(AbstractChannelHandlerContext.java:350)
	at io.netty.handler.codec.ByteToMessageDecoder.fireChannelRead(ByteToMessageDecoder.java:293)
	at io.netty.handler.codec.ByteToMessageDecoder.channelRead(ByteToMessageDecoder.java:267)
	at io.netty.channel.AbstractChannelHandlerContext.invokeChannelRead(AbstractChannelHandlerContext.java:372)
	at io.netty.channel.AbstractChannelHandlerContext.invokeChannelRead(AbstractChannelHandlerContext.java:358)
	at io.netty.channel.AbstractChannelHandlerContext.fireChannelRead(AbstractChannelHandlerContext.java:350)
	at io.netty.channel.ChannelInboundHandlerAdapter.channelRead(ChannelInboundHandlerAdapter.java:86)
	at io.netty.channel.AbstractChannelHandlerContext.invokeChannelRead(AbstractChannelHandlerContext.java:372)
	at io.netty.channel.AbstractChannelHandlerContext.invokeChannelRead(AbstractChannelHandlerContext.java:358)
	at io.netty.channel.AbstractChannelHandlerContext.fireChannelRead(AbstractChannelHandlerContext.java:350)
	at io.netty.handler.timeout.IdleStateHandler.channelRead(IdleStateHandler.java:266)
	at io.netty.channel.AbstractChannelHandlerContext.invokeChannelRead(AbstractChannelHandlerContext.java:372)
	at io.netty.channel.AbstractChannelHandlerContext.invokeChannelRead(AbstractChannelHandlerContext.java:358)
	at io.netty.channel.AbstractChannelHandlerContext.fireChannelRead(AbstractChannelHandlerContext.java:350)
	at io.netty.channel.ChannelInboundHandlerAdapter.channelRead(ChannelInboundHandlerAdapter.java:86)
	at io.netty.channel.AbstractChannelHandlerContext.invokeChannelRead(AbstractChannelHandlerContext.java:372)
	at io.netty.channel.AbstractChannelHandlerContext.invokeChannelRead(AbstractChannelHandlerContext.java:358)
	at io.netty.channel.AbstractChannelHandlerContext.fireChannelRead(AbstractChannelHandlerContext.java:350)
	at io.netty.handler.timeout.IdleStateHandler.channelRead(IdleStateHandler.java:266)
	at io.netty.channel.AbstractChannelHandlerContext.invokeChannelRead(AbstractChannelHandlerContext.java:372)
	at io.netty.channel.AbstractChannelHandlerContext.invokeChannelRead(AbstractChannelHandlerContext.java:358)
	at io.netty.channel.AbstractChannelHandlerContext.fireChannelRead(AbstractChannelHandlerContext.java:350)
	at io.netty.channel.DefaultChannelPipeline$HeadContext.channelRead(DefaultChannelPipeline.java:1334)
	at io.netty.channel.AbstractChannelHandlerContext.invokeChannelRead(AbstractChannelHandlerContext.java:372)
	at io.netty.channel.AbstractChannelHandlerContext.invokeChannelRead(AbstractChannelHandlerContext.java:358)
	at io.netty.channel.DefaultChannelPipeline.fireChannelRead(DefaultChannelPipeline.java:926)
	at io.netty.channel.nio.AbstractNioByteChannel$NioByteUnsafe.read(AbstractNioByteChannel.java:129)
	at io.netty.channel.nio.NioEventLoop.processSelectedKey(NioEventLoop.java:571)
	at io.netty.channel.nio.NioEventLoop.processSelectedKeysOptimized(NioEventLoop.java:512)
	at io.netty.channel.nio.NioEventLoop.processSelectedKeys(NioEventLoop.java:426)
	at io.netty.channel.nio.NioEventLoop.run(NioEventLoop.java:398)
	at io.netty.util.concurrent.SingleThreadEventExecutor$5.run(SingleThreadEventExecutor.java:877)
	at io.netty.util.concurrent.DefaultThreadFactory$DefaultRunnableDecorator.run(DefaultThreadFactory.java:144)
	at java.lang.Thread.run(Thread.java:745)
Caused by: java.lang.ClassCastException: y8.protos.GmCommandProtos$Sm_GmCommand cannot be cast to y8.protos.MessageHandlerProtos$Response
	at ws.common.network.server.handler.tcp.BuildPackageUseForClientHandler.encode(BuildPackageUseForClientHandler.java:32)
	at ws.common.network.server.handler.tcp.BuildPackageUseForClientHandler.encode(BuildPackageUseForClientHandler.java:18)
	at io.netty.handler.codec.MessageToMessageEncoder.write(MessageToMessageEncoder.java:88)
	... 50 common frames omitted
11:53:06.727 [nioEventLoopGroup-3-1] ERROR w.c.n.s.h.t.BuildPackageUseForClientHandler - 发送消息发生异常！
io.netty.handler.codec.EncoderException: java.lang.ClassCastException: y8.protos.GmCommandProtos$Sm_GmCommand cannot be cast to y8.protos.MessageHandlerProtos$Response
	at io.netty.handler.codec.MessageToMessageEncoder.write(MessageToMessageEncoder.java:106)
	at io.netty.channel.AbstractChannelHandlerContext.invokeWrite0(AbstractChannelHandlerContext.java:748)
	at io.netty.channel.AbstractChannelHandlerContext.invokeWriteAndFlush(AbstractChannelHandlerContext.java:811)
	at io.netty.channel.AbstractChannelHandlerContext.write(AbstractChannelHandlerContext.java:824)
	at io.netty.channel.AbstractChannelHandlerContext.writeAndFlush(AbstractChannelHandlerContext.java:804)
	at io.netty.channel.AbstractChannelHandlerContext.writeAndFlush(AbstractChannelHandlerContext.java:841)
	at io.netty.channel.DefaultChannelPipeline.writeAndFlush(DefaultChannelPipeline.java:1032)
	at io.netty.channel.AbstractChannel.writeAndFlush(AbstractChannel.java:296)
	at ws.common.network.server.implement._TcpConnection.send(_TcpConnection.java:23)
	at ws.test.TestServer$1.onReceive(TestServer.java:56)
	at ws.common.network.server.implement._NetworkHandler.onReceive(_NetworkHandler.java:41)
	at ws.common.network.server.handler.tcp.ParsePackageFromClientHandler.broadcastMessage(ParsePackageFromClientHandler.java:139)
	at ws.common.network.server.handler.tcp.ParsePackageFromClientHandler.channelRead0(ParsePackageFromClientHandler.java:62)
	at ws.common.network.server.handler.tcp.ParsePackageFromClientHandler.channelRead0(ParsePackageFromClientHandler.java:17)
	at io.netty.channel.SimpleChannelInboundHandler.channelRead(SimpleChannelInboundHandler.java:105)
	at io.netty.channel.AbstractChannelHandlerContext.invokeChannelRead(AbstractChannelHandlerContext.java:372)
	at io.netty.channel.AbstractChannelHandlerContext.invokeChannelRead(AbstractChannelHandlerContext.java:358)
	at io.netty.channel.AbstractChannelHandlerContext.fireChannelRead(AbstractChannelHandlerContext.java:350)
	at io.netty.handler.codec.ByteToMessageDecoder.fireChannelRead(ByteToMessageDecoder.java:293)
	at io.netty.handler.codec.ByteToMessageDecoder.channelRead(ByteToMessageDecoder.java:267)
	at io.netty.channel.AbstractChannelHandlerContext.invokeChannelRead(AbstractChannelHandlerContext.java:372)
	at io.netty.channel.AbstractChannelHandlerContext.invokeChannelRead(AbstractChannelHandlerContext.java:358)
	at io.netty.channel.AbstractChannelHandlerContext.fireChannelRead(AbstractChannelHandlerContext.java:350)
	at io.netty.channel.ChannelInboundHandlerAdapter.channelRead(ChannelInboundHandlerAdapter.java:86)
	at io.netty.channel.AbstractChannelHandlerContext.invokeChannelRead(AbstractChannelHandlerContext.java:372)
	at io.netty.channel.AbstractChannelHandlerContext.invokeChannelRead(AbstractChannelHandlerContext.java:358)
	at io.netty.channel.AbstractChannelHandlerContext.fireChannelRead(AbstractChannelHandlerContext.java:350)
	at io.netty.handler.timeout.IdleStateHandler.channelRead(IdleStateHandler.java:266)
	at io.netty.channel.AbstractChannelHandlerContext.invokeChannelRead(AbstractChannelHandlerContext.java:372)
	at io.netty.channel.AbstractChannelHandlerContext.invokeChannelRead(AbstractChannelHandlerContext.java:358)
	at io.netty.channel.AbstractChannelHandlerContext.fireChannelRead(AbstractChannelHandlerContext.java:350)
	at io.netty.channel.ChannelInboundHandlerAdapter.channelRead(ChannelInboundHandlerAdapter.java:86)
	at io.netty.channel.AbstractChannelHandlerContext.invokeChannelRead(AbstractChannelHandlerContext.java:372)
	at io.netty.channel.AbstractChannelHandlerContext.invokeChannelRead(AbstractChannelHandlerContext.java:358)
	at io.netty.channel.AbstractChannelHandlerContext.fireChannelRead(AbstractChannelHandlerContext.java:350)
	at io.netty.handler.timeout.IdleStateHandler.channelRead(IdleStateHandler.java:266)
	at io.netty.channel.AbstractChannelHandlerContext.invokeChannelRead(AbstractChannelHandlerContext.java:372)
	at io.netty.channel.AbstractChannelHandlerContext.invokeChannelRead(AbstractChannelHandlerContext.java:358)
	at io.netty.channel.AbstractChannelHandlerContext.fireChannelRead(AbstractChannelHandlerContext.java:350)
	at io.netty.channel.DefaultChannelPipeline$HeadContext.channelRead(DefaultChannelPipeline.java:1334)
	at io.netty.channel.AbstractChannelHandlerContext.invokeChannelRead(AbstractChannelHandlerContext.java:372)
	at io.netty.channel.AbstractChannelHandlerContext.invokeChannelRead(AbstractChannelHandlerContext.java:358)
	at io.netty.channel.DefaultChannelPipeline.fireChannelRead(DefaultChannelPipeline.java:926)
	at io.netty.channel.nio.AbstractNioByteChannel$NioByteUnsafe.read(AbstractNioByteChannel.java:129)
	at io.netty.channel.nio.NioEventLoop.processSelectedKey(NioEventLoop.java:571)
	at io.netty.channel.nio.NioEventLoop.processSelectedKeysOptimized(NioEventLoop.java:512)
	at io.netty.channel.nio.NioEventLoop.processSelectedKeys(NioEventLoop.java:426)
	at io.netty.channel.nio.NioEventLoop.run(NioEventLoop.java:398)
	at io.netty.util.concurrent.SingleThreadEventExecutor$5.run(SingleThreadEventExecutor.java:877)
	at io.netty.util.concurrent.DefaultThreadFactory$DefaultRunnableDecorator.run(DefaultThreadFactory.java:144)
	at java.lang.Thread.run(Thread.java:745)
Caused by: java.lang.ClassCastException: y8.protos.GmCommandProtos$Sm_GmCommand cannot be cast to y8.protos.MessageHandlerProtos$Response
	at ws.common.network.server.handler.tcp.BuildPackageUseForClientHandler.encode(BuildPackageUseForClientHandler.java:32)
	at ws.common.network.server.handler.tcp.BuildPackageUseForClientHandler.encode(BuildPackageUseForClientHandler.java:18)
	at io.netty.handler.codec.MessageToMessageEncoder.write(MessageToMessageEncoder.java:88)
	... 50 common frames omitted
11:53:36.727 [nioEventLoopGroup-3-1] ERROR w.c.n.s.h.t.BuildPackageUseForClientHandler - 发送消息发生异常！
io.netty.handler.codec.EncoderException: java.lang.ClassCastException: y8.protos.GmCommandProtos$Sm_GmCommand cannot be cast to y8.protos.MessageHandlerProtos$Response
	at io.netty.handler.codec.MessageToMessageEncoder.write(MessageToMessageEncoder.java:106)
	at io.netty.channel.AbstractChannelHandlerContext.invokeWrite0(AbstractChannelHandlerContext.java:748)
	at io.netty.channel.AbstractChannelHandlerContext.invokeWriteAndFlush(AbstractChannelHandlerContext.java:811)
	at io.netty.channel.AbstractChannelHandlerContext.write(AbstractChannelHandlerContext.java:824)
	at io.netty.channel.AbstractChannelHandlerContext.writeAndFlush(AbstractChannelHandlerContext.java:804)
	at io.netty.channel.AbstractChannelHandlerContext.writeAndFlush(AbstractChannelHandlerContext.java:841)
	at io.netty.channel.DefaultChannelPipeline.writeAndFlush(DefaultChannelPipeline.java:1032)
	at io.netty.channel.AbstractChannel.writeAndFlush(AbstractChannel.java:296)
	at ws.common.network.server.implement._TcpConnection.send(_TcpConnection.java:23)
	at ws.test.TestServer$1.onReceive(TestServer.java:56)
	at ws.common.network.server.implement._NetworkHandler.onReceive(_NetworkHandler.java:41)
	at ws.common.network.server.handler.tcp.ParsePackageFromClientHandler.broadcastMessage(ParsePackageFromClientHandler.java:139)
	at ws.common.network.server.handler.tcp.ParsePackageFromClientHandler.channelRead0(ParsePackageFromClientHandler.java:62)
	at ws.common.network.server.handler.tcp.ParsePackageFromClientHandler.channelRead0(ParsePackageFromClientHandler.java:17)
	at io.netty.channel.SimpleChannelInboundHandler.channelRead(SimpleChannelInboundHandler.java:105)
	at io.netty.channel.AbstractChannelHandlerContext.invokeChannelRead(AbstractChannelHandlerContext.java:372)
	at io.netty.channel.AbstractChannelHandlerContext.invokeChannelRead(AbstractChannelHandlerContext.java:358)
	at io.netty.channel.AbstractChannelHandlerContext.fireChannelRead(AbstractChannelHandlerContext.java:350)
	at io.netty.handler.codec.ByteToMessageDecoder.fireChannelRead(ByteToMessageDecoder.java:293)
	at io.netty.handler.codec.ByteToMessageDecoder.channelRead(ByteToMessageDecoder.java:267)
	at io.netty.channel.AbstractChannelHandlerContext.invokeChannelRead(AbstractChannelHandlerContext.java:372)
	at io.netty.channel.AbstractChannelHandlerContext.invokeChannelRead(AbstractChannelHandlerContext.java:358)
	at io.netty.channel.AbstractChannelHandlerContext.fireChannelRead(AbstractChannelHandlerContext.java:350)
	at io.netty.channel.ChannelInboundHandlerAdapter.channelRead(ChannelInboundHandlerAdapter.java:86)
	at io.netty.channel.AbstractChannelHandlerContext.invokeChannelRead(AbstractChannelHandlerContext.java:372)
	at io.netty.channel.AbstractChannelHandlerContext.invokeChannelRead(AbstractChannelHandlerContext.java:358)
	at io.netty.channel.AbstractChannelHandlerContext.fireChannelRead(AbstractChannelHandlerContext.java:350)
	at io.netty.handler.timeout.IdleStateHandler.channelRead(IdleStateHandler.java:266)
	at io.netty.channel.AbstractChannelHandlerContext.invokeChannelRead(AbstractChannelHandlerContext.java:372)
	at io.netty.channel.AbstractChannelHandlerContext.invokeChannelRead(AbstractChannelHandlerContext.java:358)
	at io.netty.channel.AbstractChannelHandlerContext.fireChannelRead(AbstractChannelHandlerContext.java:350)
	at io.netty.channel.ChannelInboundHandlerAdapter.channelRead(ChannelInboundHandlerAdapter.java:86)
	at io.netty.channel.AbstractChannelHandlerContext.invokeChannelRead(AbstractChannelHandlerContext.java:372)
	at io.netty.channel.AbstractChannelHandlerContext.invokeChannelRead(AbstractChannelHandlerContext.java:358)
	at io.netty.channel.AbstractChannelHandlerContext.fireChannelRead(AbstractChannelHandlerContext.java:350)
	at io.netty.handler.timeout.IdleStateHandler.channelRead(IdleStateHandler.java:266)
	at io.netty.channel.AbstractChannelHandlerContext.invokeChannelRead(AbstractChannelHandlerContext.java:372)
	at io.netty.channel.AbstractChannelHandlerContext.invokeChannelRead(AbstractChannelHandlerContext.java:358)
	at io.netty.channel.AbstractChannelHandlerContext.fireChannelRead(AbstractChannelHandlerContext.java:350)
	at io.netty.channel.DefaultChannelPipeline$HeadContext.channelRead(DefaultChannelPipeline.java:1334)
	at io.netty.channel.AbstractChannelHandlerContext.invokeChannelRead(AbstractChannelHandlerContext.java:372)
	at io.netty.channel.AbstractChannelHandlerContext.invokeChannelRead(AbstractChannelHandlerContext.java:358)
	at io.netty.channel.DefaultChannelPipeline.fireChannelRead(DefaultChannelPipeline.java:926)
	at io.netty.channel.nio.AbstractNioByteChannel$NioByteUnsafe.read(AbstractNioByteChannel.java:129)
	at io.netty.channel.nio.NioEventLoop.processSelectedKey(NioEventLoop.java:571)
	at io.netty.channel.nio.NioEventLoop.processSelectedKeysOptimized(NioEventLoop.java:512)
	at io.netty.channel.nio.NioEventLoop.processSelectedKeys(NioEventLoop.java:426)
	at io.netty.channel.nio.NioEventLoop.run(NioEventLoop.java:398)
	at io.netty.util.concurrent.SingleThreadEventExecutor$5.run(SingleThreadEventExecutor.java:877)
	at io.netty.util.concurrent.DefaultThreadFactory$DefaultRunnableDecorator.run(DefaultThreadFactory.java:144)
	at java.lang.Thread.run(Thread.java:745)
Caused by: java.lang.ClassCastException: y8.protos.GmCommandProtos$Sm_GmCommand cannot be cast to y8.protos.MessageHandlerProtos$Response
	at ws.common.network.server.handler.tcp.BuildPackageUseForClientHandler.encode(BuildPackageUseForClientHandler.java:32)
	at ws.common.network.server.handler.tcp.BuildPackageUseForClientHandler.encode(BuildPackageUseForClientHandler.java:18)
	at io.netty.handler.codec.MessageToMessageEncoder.write(MessageToMessageEncoder.java:88)
	... 50 common frames omitted
11:54:06.727 [nioEventLoopGroup-3-1] ERROR w.c.n.s.h.t.BuildPackageUseForClientHandler - 发送消息发生异常！
io.netty.handler.codec.EncoderException: java.lang.ClassCastException: y8.protos.GmCommandProtos$Sm_GmCommand cannot be cast to y8.protos.MessageHandlerProtos$Response
	at io.netty.handler.codec.MessageToMessageEncoder.write(MessageToMessageEncoder.java:106)
	at io.netty.channel.AbstractChannelHandlerContext.invokeWrite0(AbstractChannelHandlerContext.java:748)
	at io.netty.channel.AbstractChannelHandlerContext.invokeWriteAndFlush(AbstractChannelHandlerContext.java:811)
	at io.netty.channel.AbstractChannelHandlerContext.write(AbstractChannelHandlerContext.java:824)
	at io.netty.channel.AbstractChannelHandlerContext.writeAndFlush(AbstractChannelHandlerContext.java:804)
	at io.netty.channel.AbstractChannelHandlerContext.writeAndFlush(AbstractChannelHandlerContext.java:841)
	at io.netty.channel.DefaultChannelPipeline.writeAndFlush(DefaultChannelPipeline.java:1032)
	at io.netty.channel.AbstractChannel.writeAndFlush(AbstractChannel.java:296)
	at ws.common.network.server.implement._TcpConnection.send(_TcpConnection.java:23)
	at ws.test.TestServer$1.onReceive(TestServer.java:56)
	at ws.common.network.server.implement._NetworkHandler.onReceive(_NetworkHandler.java:41)
	at ws.common.network.server.handler.tcp.ParsePackageFromClientHandler.broadcastMessage(ParsePackageFromClientHandler.java:139)
	at ws.common.network.server.handler.tcp.ParsePackageFromClientHandler.channelRead0(ParsePackageFromClientHandler.java:62)
	at ws.common.network.server.handler.tcp.ParsePackageFromClientHandler.channelRead0(ParsePackageFromClientHandler.java:17)
	at io.netty.channel.SimpleChannelInboundHandler.channelRead(SimpleChannelInboundHandler.java:105)
	at io.netty.channel.AbstractChannelHandlerContext.invokeChannelRead(AbstractChannelHandlerContext.java:372)
	at io.netty.channel.AbstractChannelHandlerContext.invokeChannelRead(AbstractChannelHandlerContext.java:358)
	at io.netty.channel.AbstractChannelHandlerContext.fireChannelRead(AbstractChannelHandlerContext.java:350)
	at io.netty.handler.codec.ByteToMessageDecoder.fireChannelRead(ByteToMessageDecoder.java:293)
	at io.netty.handler.codec.ByteToMessageDecoder.channelRead(ByteToMessageDecoder.java:267)
	at io.netty.channel.AbstractChannelHandlerContext.invokeChannelRead(AbstractChannelHandlerContext.java:372)
	at io.netty.channel.AbstractChannelHandlerContext.invokeChannelRead(AbstractChannelHandlerContext.java:358)
	at io.netty.channel.AbstractChannelHandlerContext.fireChannelRead(AbstractChannelHandlerContext.java:350)
	at io.netty.channel.ChannelInboundHandlerAdapter.channelRead(ChannelInboundHandlerAdapter.java:86)
	at io.netty.channel.AbstractChannelHandlerContext.invokeChannelRead(AbstractChannelHandlerContext.java:372)
	at io.netty.channel.AbstractChannelHandlerContext.invokeChannelRead(AbstractChannelHandlerContext.java:358)
	at io.netty.channel.AbstractChannelHandlerContext.fireChannelRead(AbstractChannelHandlerContext.java:350)
	at io.netty.handler.timeout.IdleStateHandler.channelRead(IdleStateHandler.java:266)
	at io.netty.channel.AbstractChannelHandlerContext.invokeChannelRead(AbstractChannelHandlerContext.java:372)
	at io.netty.channel.AbstractChannelHandlerContext.invokeChannelRead(AbstractChannelHandlerContext.java:358)
	at io.netty.channel.AbstractChannelHandlerContext.fireChannelRead(AbstractChannelHandlerContext.java:350)
	at io.netty.channel.ChannelInboundHandlerAdapter.channelRead(ChannelInboundHandlerAdapter.java:86)
	at io.netty.channel.AbstractChannelHandlerContext.invokeChannelRead(AbstractChannelHandlerContext.java:372)
	at io.netty.channel.AbstractChannelHandlerContext.invokeChannelRead(AbstractChannelHandlerContext.java:358)
	at io.netty.channel.AbstractChannelHandlerContext.fireChannelRead(AbstractChannelHandlerContext.java:350)
	at io.netty.handler.timeout.IdleStateHandler.channelRead(IdleStateHandler.java:266)
	at io.netty.channel.AbstractChannelHandlerContext.invokeChannelRead(AbstractChannelHandlerContext.java:372)
	at io.netty.channel.AbstractChannelHandlerContext.invokeChannelRead(AbstractChannelHandlerContext.java:358)
	at io.netty.channel.AbstractChannelHandlerContext.fireChannelRead(AbstractChannelHandlerContext.java:350)
	at io.netty.channel.DefaultChannelPipeline$HeadContext.channelRead(DefaultChannelPipeline.java:1334)
	at io.netty.channel.AbstractChannelHandlerContext.invokeChannelRead(AbstractChannelHandlerContext.java:372)
	at io.netty.channel.AbstractChannelHandlerContext.invokeChannelRead(AbstractChannelHandlerContext.java:358)
	at io.netty.channel.DefaultChannelPipeline.fireChannelRead(DefaultChannelPipeline.java:926)
	at io.netty.channel.nio.AbstractNioByteChannel$NioByteUnsafe.read(AbstractNioByteChannel.java:129)
	at io.netty.channel.nio.NioEventLoop.processSelectedKey(NioEventLoop.java:571)
	at io.netty.channel.nio.NioEventLoop.processSelectedKeysOptimized(NioEventLoop.java:512)
	at io.netty.channel.nio.NioEventLoop.processSelectedKeys(NioEventLoop.java:426)
	at io.netty.channel.nio.NioEventLoop.run(NioEventLoop.java:398)
	at io.netty.util.concurrent.SingleThreadEventExecutor$5.run(SingleThreadEventExecutor.java:877)
	at io.netty.util.concurrent.DefaultThreadFactory$DefaultRunnableDecorator.run(DefaultThreadFactory.java:144)
	at java.lang.Thread.run(Thread.java:745)
Caused by: java.lang.ClassCastException: y8.protos.GmCommandProtos$Sm_GmCommand cannot be cast to y8.protos.MessageHandlerProtos$Response
	at ws.common.network.server.handler.tcp.BuildPackageUseForClientHandler.encode(BuildPackageUseForClientHandler.java:32)
	at ws.common.network.server.handler.tcp.BuildPackageUseForClientHandler.encode(BuildPackageUseForClientHandler.java:18)
	at io.netty.handler.codec.MessageToMessageEncoder.write(MessageToMessageEncoder.java:88)
	... 50 common frames omitted
11:54:36.730 [nioEventLoopGroup-3-1] ERROR w.c.n.s.h.t.BuildPackageUseForClientHandler - 发送消息发生异常！
io.netty.handler.codec.EncoderException: java.lang.ClassCastException: y8.protos.GmCommandProtos$Sm_GmCommand cannot be cast to y8.protos.MessageHandlerProtos$Response
	at io.netty.handler.codec.MessageToMessageEncoder.write(MessageToMessageEncoder.java:106)
	at io.netty.channel.AbstractChannelHandlerContext.invokeWrite0(AbstractChannelHandlerContext.java:748)
	at io.netty.channel.AbstractChannelHandlerContext.invokeWriteAndFlush(AbstractChannelHandlerContext.java:811)
	at io.netty.channel.AbstractChannelHandlerContext.write(AbstractChannelHandlerContext.java:824)
	at io.netty.channel.AbstractChannelHandlerContext.writeAndFlush(AbstractChannelHandlerContext.java:804)
	at io.netty.channel.AbstractChannelHandlerContext.writeAndFlush(AbstractChannelHandlerContext.java:841)
	at io.netty.channel.DefaultChannelPipeline.writeAndFlush(DefaultChannelPipeline.java:1032)
	at io.netty.channel.AbstractChannel.writeAndFlush(AbstractChannel.java:296)
	at ws.common.network.server.implement._TcpConnection.send(_TcpConnection.java:23)
	at ws.test.TestServer$1.onReceive(TestServer.java:56)
	at ws.common.network.server.implement._NetworkHandler.onReceive(_NetworkHandler.java:41)
	at ws.common.network.server.handler.tcp.ParsePackageFromClientHandler.broadcastMessage(ParsePackageFromClientHandler.java:139)
	at ws.common.network.server.handler.tcp.ParsePackageFromClientHandler.channelRead0(ParsePackageFromClientHandler.java:62)
	at ws.common.network.server.handler.tcp.ParsePackageFromClientHandler.channelRead0(ParsePackageFromClientHandler.java:17)
	at io.netty.channel.SimpleChannelInboundHandler.channelRead(SimpleChannelInboundHandler.java:105)
	at io.netty.channel.AbstractChannelHandlerContext.invokeChannelRead(AbstractChannelHandlerContext.java:372)
	at io.netty.channel.AbstractChannelHandlerContext.invokeChannelRead(AbstractChannelHandlerContext.java:358)
	at io.netty.channel.AbstractChannelHandlerContext.fireChannelRead(AbstractChannelHandlerContext.java:350)
	at io.netty.handler.codec.ByteToMessageDecoder.fireChannelRead(ByteToMessageDecoder.java:293)
	at io.netty.handler.codec.ByteToMessageDecoder.channelRead(ByteToMessageDecoder.java:267)
	at io.netty.channel.AbstractChannelHandlerContext.invokeChannelRead(AbstractChannelHandlerContext.java:372)
	at io.netty.channel.AbstractChannelHandlerContext.invokeChannelRead(AbstractChannelHandlerContext.java:358)
	at io.netty.channel.AbstractChannelHandlerContext.fireChannelRead(AbstractChannelHandlerContext.java:350)
	at io.netty.channel.ChannelInboundHandlerAdapter.channelRead(ChannelInboundHandlerAdapter.java:86)
	at io.netty.channel.AbstractChannelHandlerContext.invokeChannelRead(AbstractChannelHandlerContext.java:372)
	at io.netty.channel.AbstractChannelHandlerContext.invokeChannelRead(AbstractChannelHandlerContext.java:358)
	at io.netty.channel.AbstractChannelHandlerContext.fireChannelRead(AbstractChannelHandlerContext.java:350)
	at io.netty.handler.timeout.IdleStateHandler.channelRead(IdleStateHandler.java:266)
	at io.netty.channel.AbstractChannelHandlerContext.invokeChannelRead(AbstractChannelHandlerContext.java:372)
	at io.netty.channel.AbstractChannelHandlerContext.invokeChannelRead(AbstractChannelHandlerContext.java:358)
	at io.netty.channel.AbstractChannelHandlerContext.fireChannelRead(AbstractChannelHandlerContext.java:350)
	at io.netty.channel.ChannelInboundHandlerAdapter.channelRead(ChannelInboundHandlerAdapter.java:86)
	at io.netty.channel.AbstractChannelHandlerContext.invokeChannelRead(AbstractChannelHandlerContext.java:372)
	at io.netty.channel.AbstractChannelHandlerContext.invokeChannelRead(AbstractChannelHandlerContext.java:358)
	at io.netty.channel.AbstractChannelHandlerContext.fireChannelRead(AbstractChannelHandlerContext.java:350)
	at io.netty.handler.timeout.IdleStateHandler.channelRead(IdleStateHandler.java:266)
	at io.netty.channel.AbstractChannelHandlerContext.invokeChannelRead(AbstractChannelHandlerContext.java:372)
	at io.netty.channel.AbstractChannelHandlerContext.invokeChannelRead(AbstractChannelHandlerContext.java:358)
	at io.netty.channel.AbstractChannelHandlerContext.fireChannelRead(AbstractChannelHandlerContext.java:350)
	at io.netty.channel.DefaultChannelPipeline$HeadContext.channelRead(DefaultChannelPipeline.java:1334)
	at io.netty.channel.AbstractChannelHandlerContext.invokeChannelRead(AbstractChannelHandlerContext.java:372)
	at io.netty.channel.AbstractChannelHandlerContext.invokeChannelRead(AbstractChannelHandlerContext.java:358)
	at io.netty.channel.DefaultChannelPipeline.fireChannelRead(DefaultChannelPipeline.java:926)
	at io.netty.channel.nio.AbstractNioByteChannel$NioByteUnsafe.read(AbstractNioByteChannel.java:129)
	at io.netty.channel.nio.NioEventLoop.processSelectedKey(NioEventLoop.java:571)
	at io.netty.channel.nio.NioEventLoop.processSelectedKeysOptimized(NioEventLoop.java:512)
	at io.netty.channel.nio.NioEventLoop.processSelectedKeys(NioEventLoop.java:426)
	at io.netty.channel.nio.NioEventLoop.run(NioEventLoop.java:398)
	at io.netty.util.concurrent.SingleThreadEventExecutor$5.run(SingleThreadEventExecutor.java:877)
	at io.netty.util.concurrent.DefaultThreadFactory$DefaultRunnableDecorator.run(DefaultThreadFactory.java:144)
	at java.lang.Thread.run(Thread.java:745)
Caused by: java.lang.ClassCastException: y8.protos.GmCommandProtos$Sm_GmCommand cannot be cast to y8.protos.MessageHandlerProtos$Response
	at ws.common.network.server.handler.tcp.BuildPackageUseForClientHandler.encode(BuildPackageUseForClientHandler.java:32)
	at ws.common.network.server.handler.tcp.BuildPackageUseForClientHandler.encode(BuildPackageUseForClientHandler.java:18)
	at io.netty.handler.codec.MessageToMessageEncoder.write(MessageToMessageEncoder.java:88)
	... 50 common frames omitted
11:55:06.728 [nioEventLoopGroup-3-1] ERROR w.c.n.s.h.t.BuildPackageUseForClientHandler - 发送消息发生异常！
io.netty.handler.codec.EncoderException: java.lang.ClassCastException: y8.protos.GmCommandProtos$Sm_GmCommand cannot be cast to y8.protos.MessageHandlerProtos$Response
	at io.netty.handler.codec.MessageToMessageEncoder.write(MessageToMessageEncoder.java:106)
	at io.netty.channel.AbstractChannelHandlerContext.invokeWrite0(AbstractChannelHandlerContext.java:748)
	at io.netty.channel.AbstractChannelHandlerContext.invokeWriteAndFlush(AbstractChannelHandlerContext.java:811)
	at io.netty.channel.AbstractChannelHandlerContext.write(AbstractChannelHandlerContext.java:824)
	at io.netty.channel.AbstractChannelHandlerContext.writeAndFlush(AbstractChannelHandlerContext.java:804)
	at io.netty.channel.AbstractChannelHandlerContext.writeAndFlush(AbstractChannelHandlerContext.java:841)
	at io.netty.channel.DefaultChannelPipeline.writeAndFlush(DefaultChannelPipeline.java:1032)
	at io.netty.channel.AbstractChannel.writeAndFlush(AbstractChannel.java:296)
	at ws.common.network.server.implement._TcpConnection.send(_TcpConnection.java:23)
	at ws.test.TestServer$1.onReceive(TestServer.java:56)
	at ws.common.network.server.implement._NetworkHandler.onReceive(_NetworkHandler.java:41)
	at ws.common.network.server.handler.tcp.ParsePackageFromClientHandler.broadcastMessage(ParsePackageFromClientHandler.java:139)
	at ws.common.network.server.handler.tcp.ParsePackageFromClientHandler.channelRead0(ParsePackageFromClientHandler.java:62)
	at ws.common.network.server.handler.tcp.ParsePackageFromClientHandler.channelRead0(ParsePackageFromClientHandler.java:17)
	at io.netty.channel.SimpleChannelInboundHandler.channelRead(SimpleChannelInboundHandler.java:105)
	at io.netty.channel.AbstractChannelHandlerContext.invokeChannelRead(AbstractChannelHandlerContext.java:372)
	at io.netty.channel.AbstractChannelHandlerContext.invokeChannelRead(AbstractChannelHandlerContext.java:358)
	at io.netty.channel.AbstractChannelHandlerContext.fireChannelRead(AbstractChannelHandlerContext.java:350)
	at io.netty.handler.codec.ByteToMessageDecoder.fireChannelRead(ByteToMessageDecoder.java:293)
	at io.netty.handler.codec.ByteToMessageDecoder.channelRead(ByteToMessageDecoder.java:267)
	at io.netty.channel.AbstractChannelHandlerContext.invokeChannelRead(AbstractChannelHandlerContext.java:372)
	at io.netty.channel.AbstractChannelHandlerContext.invokeChannelRead(AbstractChannelHandlerContext.java:358)
	at io.netty.channel.AbstractChannelHandlerContext.fireChannelRead(AbstractChannelHandlerContext.java:350)
	at io.netty.channel.ChannelInboundHandlerAdapter.channelRead(ChannelInboundHandlerAdapter.java:86)
	at io.netty.channel.AbstractChannelHandlerContext.invokeChannelRead(AbstractChannelHandlerContext.java:372)
	at io.netty.channel.AbstractChannelHandlerContext.invokeChannelRead(AbstractChannelHandlerContext.java:358)
	at io.netty.channel.AbstractChannelHandlerContext.fireChannelRead(AbstractChannelHandlerContext.java:350)
	at io.netty.handler.timeout.IdleStateHandler.channelRead(IdleStateHandler.java:266)
	at io.netty.channel.AbstractChannelHandlerContext.invokeChannelRead(AbstractChannelHandlerContext.java:372)
	at io.netty.channel.AbstractChannelHandlerContext.invokeChannelRead(AbstractChannelHandlerContext.java:358)
	at io.netty.channel.AbstractChannelHandlerContext.fireChannelRead(AbstractChannelHandlerContext.java:350)
	at io.netty.channel.ChannelInboundHandlerAdapter.channelRead(ChannelInboundHandlerAdapter.java:86)
	at io.netty.channel.AbstractChannelHandlerContext.invokeChannelRead(AbstractChannelHandlerContext.java:372)
	at io.netty.channel.AbstractChannelHandlerContext.invokeChannelRead(AbstractChannelHandlerContext.java:358)
	at io.netty.channel.AbstractChannelHandlerContext.fireChannelRead(AbstractChannelHandlerContext.java:350)
	at io.netty.handler.timeout.IdleStateHandler.channelRead(IdleStateHandler.java:266)
	at io.netty.channel.AbstractChannelHandlerContext.invokeChannelRead(AbstractChannelHandlerContext.java:372)
	at io.netty.channel.AbstractChannelHandlerContext.invokeChannelRead(AbstractChannelHandlerContext.java:358)
	at io.netty.channel.AbstractChannelHandlerContext.fireChannelRead(AbstractChannelHandlerContext.java:350)
	at io.netty.channel.DefaultChannelPipeline$HeadContext.channelRead(DefaultChannelPipeline.java:1334)
	at io.netty.channel.AbstractChannelHandlerContext.invokeChannelRead(AbstractChannelHandlerContext.java:372)
	at io.netty.channel.AbstractChannelHandlerContext.invokeChannelRead(AbstractChannelHandlerContext.java:358)
	at io.netty.channel.DefaultChannelPipeline.fireChannelRead(DefaultChannelPipeline.java:926)
	at io.netty.channel.nio.AbstractNioByteChannel$NioByteUnsafe.read(AbstractNioByteChannel.java:129)
	at io.netty.channel.nio.NioEventLoop.processSelectedKey(NioEventLoop.java:571)
	at io.netty.channel.nio.NioEventLoop.processSelectedKeysOptimized(NioEventLoop.java:512)
	at io.netty.channel.nio.NioEventLoop.processSelectedKeys(NioEventLoop.java:426)
	at io.netty.channel.nio.NioEventLoop.run(NioEventLoop.java:398)
	at io.netty.util.concurrent.SingleThreadEventExecutor$5.run(SingleThreadEventExecutor.java:877)
	at io.netty.util.concurrent.DefaultThreadFactory$DefaultRunnableDecorator.run(DefaultThreadFactory.java:144)
	at java.lang.Thread.run(Thread.java:745)
Caused by: java.lang.ClassCastException: y8.protos.GmCommandProtos$Sm_GmCommand cannot be cast to y8.protos.MessageHandlerProtos$Response
	at ws.common.network.server.handler.tcp.BuildPackageUseForClientHandler.encode(BuildPackageUseForClientHandler.java:32)
	at ws.common.network.server.handler.tcp.BuildPackageUseForClientHandler.encode(BuildPackageUseForClientHandler.java:18)
	at io.netty.handler.codec.MessageToMessageEncoder.write(MessageToMessageEncoder.java:88)
	... 50 common frames omitted
14:39:33.554 [nioEventLoopGroup-3-1] ERROR w.c.n.s.h.t.BuildPackageUseForClientHandler - 发送消息发生异常！
io.netty.handler.codec.EncoderException: java.lang.RuntimeException: xxxxxxxxxxxx
	at io.netty.handler.codec.MessageToMessageEncoder.write(MessageToMessageEncoder.java:106)
	at io.netty.channel.AbstractChannelHandlerContext.invokeWrite0(AbstractChannelHandlerContext.java:748)
	at io.netty.channel.AbstractChannelHandlerContext.invokeWriteAndFlush(AbstractChannelHandlerContext.java:811)
	at io.netty.channel.AbstractChannelHandlerContext.write(AbstractChannelHandlerContext.java:824)
	at io.netty.channel.AbstractChannelHandlerContext.writeAndFlush(AbstractChannelHandlerContext.java:804)
	at io.netty.channel.AbstractChannelHandlerContext.writeAndFlush(AbstractChannelHandlerContext.java:841)
	at io.netty.channel.DefaultChannelPipeline.writeAndFlush(DefaultChannelPipeline.java:1032)
	at io.netty.channel.AbstractChannel.writeAndFlush(AbstractChannel.java:296)
	at ws.common.network.server.implement._TcpConnection.send(_TcpConnection.java:23)
	at ws.test.TestServer$1.onReceive(TestServer.java:64)
	at ws.common.network.server.implement._NetworkHandler.onReceive(_NetworkHandler.java:41)
	at ws.common.network.server.handler.tcp.ParsePackageFromClientHandler.broadcastMessage(ParsePackageFromClientHandler.java:139)
	at ws.common.network.server.handler.tcp.ParsePackageFromClientHandler.channelRead0(ParsePackageFromClientHandler.java:62)
	at ws.common.network.server.handler.tcp.ParsePackageFromClientHandler.channelRead0(ParsePackageFromClientHandler.java:17)
	at io.netty.channel.SimpleChannelInboundHandler.channelRead(SimpleChannelInboundHandler.java:105)
	at io.netty.channel.AbstractChannelHandlerContext.invokeChannelRead(AbstractChannelHandlerContext.java:372)
	at io.netty.channel.AbstractChannelHandlerContext.invokeChannelRead(AbstractChannelHandlerContext.java:358)
	at io.netty.channel.AbstractChannelHandlerContext.fireChannelRead(AbstractChannelHandlerContext.java:350)
	at io.netty.handler.codec.ByteToMessageDecoder.fireChannelRead(ByteToMessageDecoder.java:293)
	at io.netty.handler.codec.ByteToMessageDecoder.channelRead(ByteToMessageDecoder.java:267)
	at io.netty.channel.AbstractChannelHandlerContext.invokeChannelRead(AbstractChannelHandlerContext.java:372)
	at io.netty.channel.AbstractChannelHandlerContext.invokeChannelRead(AbstractChannelHandlerContext.java:358)
	at io.netty.channel.AbstractChannelHandlerContext.fireChannelRead(AbstractChannelHandlerContext.java:350)
	at io.netty.channel.ChannelInboundHandlerAdapter.channelRead(ChannelInboundHandlerAdapter.java:86)
	at io.netty.channel.AbstractChannelHandlerContext.invokeChannelRead(AbstractChannelHandlerContext.java:372)
	at io.netty.channel.AbstractChannelHandlerContext.invokeChannelRead(AbstractChannelHandlerContext.java:358)
	at io.netty.channel.AbstractChannelHandlerContext.fireChannelRead(AbstractChannelHandlerContext.java:350)
	at io.netty.handler.timeout.IdleStateHandler.channelRead(IdleStateHandler.java:266)
	at io.netty.channel.AbstractChannelHandlerContext.invokeChannelRead(AbstractChannelHandlerContext.java:372)
	at io.netty.channel.AbstractChannelHandlerContext.invokeChannelRead(AbstractChannelHandlerContext.java:358)
	at io.netty.channel.AbstractChannelHandlerContext.fireChannelRead(AbstractChannelHandlerContext.java:350)
	at io.netty.channel.ChannelInboundHandlerAdapter.channelRead(ChannelInboundHandlerAdapter.java:86)
	at io.netty.channel.AbstractChannelHandlerContext.invokeChannelRead(AbstractChannelHandlerContext.java:372)
	at io.netty.channel.AbstractChannelHandlerContext.invokeChannelRead(AbstractChannelHandlerContext.java:358)
	at io.netty.channel.AbstractChannelHandlerContext.fireChannelRead(AbstractChannelHandlerContext.java:350)
	at io.netty.handler.timeout.IdleStateHandler.channelRead(IdleStateHandler.java:266)
	at io.netty.channel.AbstractChannelHandlerContext.invokeChannelRead(AbstractChannelHandlerContext.java:372)
	at io.netty.channel.AbstractChannelHandlerContext.invokeChannelRead(AbstractChannelHandlerContext.java:358)
	at io.netty.channel.AbstractChannelHandlerContext.fireChannelRead(AbstractChannelHandlerContext.java:350)
	at io.netty.channel.DefaultChannelPipeline$HeadContext.channelRead(DefaultChannelPipeline.java:1334)
	at io.netty.channel.AbstractChannelHandlerContext.invokeChannelRead(AbstractChannelHandlerContext.java:372)
	at io.netty.channel.AbstractChannelHandlerContext.invokeChannelRead(AbstractChannelHandlerContext.java:358)
	at io.netty.channel.DefaultChannelPipeline.fireChannelRead(DefaultChannelPipeline.java:926)
	at io.netty.channel.nio.AbstractNioByteChannel$NioByteUnsafe.read(AbstractNioByteChannel.java:129)
	at io.netty.channel.nio.NioEventLoop.processSelectedKey(NioEventLoop.java:571)
	at io.netty.channel.nio.NioEventLoop.processSelectedKeysOptimized(NioEventLoop.java:512)
	at io.netty.channel.nio.NioEventLoop.processSelectedKeys(NioEventLoop.java:426)
	at io.netty.channel.nio.NioEventLoop.run(NioEventLoop.java:398)
	at io.netty.util.concurrent.SingleThreadEventExecutor$5.run(SingleThreadEventExecutor.java:877)
	at io.netty.util.concurrent.DefaultThreadFactory$DefaultRunnableDecorator.run(DefaultThreadFactory.java:144)
	at java.lang.Thread.run(Thread.java:745)
Caused by: java.lang.RuntimeException: xxxxxxxxxxxx
	at ws.common.network.server.handler.tcp.BuildPackageUseForClientHandler.encode(BuildPackageUseForClientHandler.java:30)
	at ws.common.network.server.handler.tcp.BuildPackageUseForClientHandler.encode(BuildPackageUseForClientHandler.java:18)
	at io.netty.handler.codec.MessageToMessageEncoder.write(MessageToMessageEncoder.java:88)
	... 50 common frames omitted
