09:40:10.229 [main] DEBUG i.n.u.i.l.InternalLoggerFactory - Using SLF4J as the default logging framework
09:40:10.280 [main] DEBUG i.n.util.internal.PlatformDependent0 - java.nio.Buffer.address: available
09:40:10.283 [main] DEBUG i.n.util.internal.PlatformDependent0 - sun.misc.Unsafe.theUnsafe: available
09:40:10.284 [main] DEBUG i.n.util.internal.PlatformDependent0 - sun.misc.Unsafe.copyMemory: available
09:40:10.284 [main] DEBUG i.n.util.internal.PlatformDependent0 - java.nio.Bits.unaligned: true
09:40:10.284 [main] DEBUG i.n.util.internal.PlatformDependent0 - java.nio.DirectByteBuffer.<init>(long, int): available
09:40:10.286 [main] DEBUG io.netty.util.internal.Cleaner0 - java.nio.ByteBuffer.cleaner(): available
09:40:10.288 [main] DEBUG i.n.util.internal.PlatformDependent - Java version: 8
09:40:10.305 [main] DEBUG i.n.util.internal.PlatformDependent - -Dio.netty.noUnsafe: false
09:40:10.305 [main] DEBUG i.n.util.internal.PlatformDependent - sun.misc.Unsafe: available
09:40:10.305 [main] DEBUG i.n.util.internal.PlatformDependent - -Dio.netty.noJavassist: false
09:40:10.306 [main] DEBUG i.n.util.internal.PlatformDependent - Javassist: unavailable
09:40:10.306 [main] DEBUG i.n.util.internal.PlatformDependent - You don't have Javassist in your class path or you don't have enough permission to load dynamically generated classes.  Please check the configuration for better performance.
09:40:10.306 [main] DEBUG i.n.util.internal.PlatformDependent - -Dio.netty.tmpdir: /tmp (java.io.tmpdir)
09:40:10.307 [main] DEBUG i.n.util.internal.PlatformDependent - -Dio.netty.bitMode: 64 (sun.arch.data.model)
09:40:10.307 [main] DEBUG i.n.util.internal.PlatformDependent - -Dio.netty.noPreferDirect: false
09:40:10.307 [main] DEBUG i.n.util.internal.PlatformDependent - io.netty.maxDirectMemory: 3689414656 bytes
09:40:10.307 [main] DEBUG i.n.buffer.PooledByteBufAllocator - -Dio.netty.allocator.numHeapArenas: 16
09:40:10.307 [main] DEBUG i.n.buffer.PooledByteBufAllocator - -Dio.netty.allocator.numDirectArenas: 16
09:40:10.307 [main] DEBUG i.n.buffer.PooledByteBufAllocator - -Dio.netty.allocator.pageSize: 8192
09:40:10.307 [main] DEBUG i.n.buffer.PooledByteBufAllocator - -Dio.netty.allocator.maxOrder: 11
09:40:10.307 [main] DEBUG i.n.buffer.PooledByteBufAllocator - -Dio.netty.allocator.chunkSize: 16777216
09:40:10.307 [main] DEBUG i.n.buffer.PooledByteBufAllocator - -Dio.netty.allocator.tinyCacheSize: 512
09:40:10.307 [main] DEBUG i.n.buffer.PooledByteBufAllocator - -Dio.netty.allocator.smallCacheSize: 256
09:40:10.307 [main] DEBUG i.n.buffer.PooledByteBufAllocator - -Dio.netty.allocator.normalCacheSize: 64
09:40:10.307 [main] DEBUG i.n.buffer.PooledByteBufAllocator - -Dio.netty.allocator.maxCachedBufferCapacity: 32768
09:40:10.307 [main] DEBUG i.n.buffer.PooledByteBufAllocator - -Dio.netty.allocator.cacheTrimInterval: 8192
09:40:10.390 [main] DEBUG i.n.c.MultithreadEventLoopGroup - -Dio.netty.eventLoopThreads: 16
09:40:10.445 [main] DEBUG io.netty.channel.nio.NioEventLoop - -Dio.netty.noKeySetOptimization: false
09:40:10.446 [main] DEBUG io.netty.channel.nio.NioEventLoop - -Dio.netty.selectorAutoRebuildThreshold: 512
09:40:10.526 [main] DEBUG io.netty.channel.DefaultChannelId - -Dio.netty.processId: 8190 (auto-detected)
09:40:10.530 [main] DEBUG io.netty.util.NetUtil - Loopback interface: lo (lo, 0:0:0:0:0:0:0:1%lo)
09:40:10.532 [main] DEBUG io.netty.util.NetUtil - /proc/sys/net/core/somaxconn: 128
09:40:10.533 [main] DEBUG io.netty.channel.DefaultChannelId - -Dio.netty.machineId: 00:50:56:ff:fe:c0:00:08 (auto-detected)
09:40:10.534 [main] DEBUG i.n.util.internal.ThreadLocalRandom - -Dio.netty.initialSeedUniquifier: 0x44cbf6081ac0d67e
09:40:10.547 [main] DEBUG io.netty.util.ResourceLeakDetector - -Dio.netty.leakDetection.level: simple
09:40:10.547 [main] DEBUG io.netty.util.ResourceLeakDetector - -Dio.netty.leakDetection.maxRecords: 4
09:40:10.558 [main] DEBUG io.netty.buffer.ByteBufUtil - -Dio.netty.allocator.type: pooled
09:40:10.558 [main] DEBUG io.netty.buffer.ByteBufUtil - -Dio.netty.threadLocalDirectBufferSize: 65536
09:40:10.559 [main] DEBUG io.netty.buffer.ByteBufUtil - -Dio.netty.maxThreadLocalCharBufferSize: 16384
