09:35:57.774 [main] DEBUG i.n.u.i.l.InternalLoggerFactory - Using SLF4J as the default logging framework
09:35:57.828 [main] DEBUG i.n.util.internal.PlatformDependent0 - java.nio.Buffer.address: available
09:35:57.830 [main] DEBUG i.n.util.internal.PlatformDependent0 - sun.misc.Unsafe.theUnsafe: available
09:35:57.831 [main] DEBUG i.n.util.internal.PlatformDependent0 - sun.misc.Unsafe.copyMemory: available
09:35:57.831 [main] DEBUG i.n.util.internal.PlatformDependent0 - java.nio.Bits.unaligned: true
09:35:57.832 [main] DEBUG i.n.util.internal.PlatformDependent0 - java.nio.DirectByteBuffer.<init>(long, int): available
09:35:57.833 [main] DEBUG io.netty.util.internal.Cleaner0 - java.nio.ByteBuffer.cleaner(): available
09:35:57.834 [main] DEBUG i.n.util.internal.PlatformDependent - Java version: 8
09:35:57.834 [main] DEBUG i.n.util.internal.PlatformDependent - -Dio.netty.noUnsafe: false
09:35:57.834 [main] DEBUG i.n.util.internal.PlatformDependent - sun.misc.Unsafe: available
09:35:57.834 [main] DEBUG i.n.util.internal.PlatformDependent - -Dio.netty.noJavassist: false
09:35:57.835 [main] DEBUG i.n.util.internal.PlatformDependent - Javassist: unavailable
09:35:57.835 [main] DEBUG i.n.util.internal.PlatformDependent - You don't have Javassist in your class path or you don't have enough permission to load dynamically generated classes.  Please check the configuration for better performance.
09:35:57.836 [main] DEBUG i.n.util.internal.PlatformDependent - -Dio.netty.tmpdir: /tmp (java.io.tmpdir)
09:35:57.836 [main] DEBUG i.n.util.internal.PlatformDependent - -Dio.netty.bitMode: 64 (sun.arch.data.model)
09:35:57.836 [main] DEBUG i.n.util.internal.PlatformDependent - -Dio.netty.noPreferDirect: false
09:35:57.836 [main] DEBUG i.n.util.internal.PlatformDependent - io.netty.maxDirectMemory: 3689414656 bytes
09:35:57.836 [main] DEBUG i.n.buffer.PooledByteBufAllocator - -Dio.netty.allocator.numHeapArenas: 16
09:35:57.836 [main] DEBUG i.n.buffer.PooledByteBufAllocator - -Dio.netty.allocator.numDirectArenas: 16
09:35:57.837 [main] DEBUG i.n.buffer.PooledByteBufAllocator - -Dio.netty.allocator.pageSize: 8192
09:35:57.837 [main] DEBUG i.n.buffer.PooledByteBufAllocator - -Dio.netty.allocator.maxOrder: 11
09:35:57.837 [main] DEBUG i.n.buffer.PooledByteBufAllocator - -Dio.netty.allocator.chunkSize: 16777216
09:35:57.837 [main] DEBUG i.n.buffer.PooledByteBufAllocator - -Dio.netty.allocator.tinyCacheSize: 512
09:35:57.837 [main] DEBUG i.n.buffer.PooledByteBufAllocator - -Dio.netty.allocator.smallCacheSize: 256
09:35:57.837 [main] DEBUG i.n.buffer.PooledByteBufAllocator - -Dio.netty.allocator.normalCacheSize: 64
09:35:57.837 [main] DEBUG i.n.buffer.PooledByteBufAllocator - -Dio.netty.allocator.maxCachedBufferCapacity: 32768
09:35:57.837 [main] DEBUG i.n.buffer.PooledByteBufAllocator - -Dio.netty.allocator.cacheTrimInterval: 8192
09:35:57.906 [main] DEBUG i.n.c.MultithreadEventLoopGroup - -Dio.netty.eventLoopThreads: 16
09:35:57.942 [main] DEBUG io.netty.channel.nio.NioEventLoop - -Dio.netty.noKeySetOptimization: false
09:35:57.942 [main] DEBUG io.netty.channel.nio.NioEventLoop - -Dio.netty.selectorAutoRebuildThreshold: 512
09:35:57.987 [main] DEBUG io.netty.channel.DefaultChannelId - -Dio.netty.processId: 5619 (auto-detected)
09:35:57.992 [main] DEBUG io.netty.util.NetUtil - Loopback interface: lo (lo, 0:0:0:0:0:0:0:1%lo)
09:35:57.993 [main] DEBUG io.netty.util.NetUtil - /proc/sys/net/core/somaxconn: 128
09:35:57.994 [main] DEBUG io.netty.channel.DefaultChannelId - -Dio.netty.machineId: 00:50:56:ff:fe:c0:00:08 (auto-detected)
09:35:57.994 [main] DEBUG i.n.util.internal.ThreadLocalRandom - -Dio.netty.initialSeedUniquifier: 0x8c84e57f2bca38f5
09:35:58.006 [main] DEBUG io.netty.util.ResourceLeakDetector - -Dio.netty.leakDetection.level: simple
09:35:58.007 [main] DEBUG io.netty.util.ResourceLeakDetector - -Dio.netty.leakDetection.maxRecords: 4
09:35:58.020 [main] DEBUG io.netty.buffer.ByteBufUtil - -Dio.netty.allocator.type: pooled
09:35:58.020 [main] DEBUG io.netty.buffer.ByteBufUtil - -Dio.netty.threadLocalDirectBufferSize: 65536
09:35:58.020 [main] DEBUG io.netty.buffer.ByteBufUtil - -Dio.netty.maxThreadLocalCharBufferSize: 16384
09:37:49.178 [nioEventLoopGroup-3-1] DEBUG io.netty.util.Recycler - -Dio.netty.recycler.maxCapacity: 32768
09:37:49.178 [nioEventLoopGroup-3-1] DEBUG io.netty.util.Recycler - -Dio.netty.recycler.maxSharedCapacityFactor: 2
09:37:49.178 [nioEventLoopGroup-3-1] DEBUG io.netty.util.Recycler - -Dio.netty.recycler.linkCapacity: 16
09:37:49.184 [nioEventLoopGroup-3-1] DEBUG io.netty.buffer.AbstractByteBuf - -Dio.netty.buffer.bytebuf.checkAccessible: true
09:37:49.185 [nioEventLoopGroup-3-1] DEBUG i.n.util.ResourceLeakDetectorFactory - Loaded default ResourceLeakDetector: io.netty.util.ResourceLeakDetector@2c1d5751
10:09:02.483 [main] DEBUG i.n.u.i.l.InternalLoggerFactory - Using SLF4J as the default logging framework
10:09:02.499 [main] DEBUG i.n.util.internal.PlatformDependent0 - java.nio.Buffer.address: available
10:09:02.500 [main] DEBUG i.n.util.internal.PlatformDependent0 - sun.misc.Unsafe.theUnsafe: available
10:09:02.501 [main] DEBUG i.n.util.internal.PlatformDependent0 - sun.misc.Unsafe.copyMemory: available
10:09:02.502 [main] DEBUG i.n.util.internal.PlatformDependent0 - java.nio.Bits.unaligned: true
10:09:02.502 [main] DEBUG i.n.util.internal.PlatformDependent0 - java.nio.DirectByteBuffer.<init>(long, int): available
10:09:02.503 [main] DEBUG io.netty.util.internal.Cleaner0 - java.nio.ByteBuffer.cleaner(): available
10:09:02.504 [main] DEBUG i.n.util.internal.PlatformDependent - Java version: 8
10:09:02.504 [main] DEBUG i.n.util.internal.PlatformDependent - -Dio.netty.noUnsafe: false
10:09:02.504 [main] DEBUG i.n.util.internal.PlatformDependent - sun.misc.Unsafe: available
10:09:02.504 [main] DEBUG i.n.util.internal.PlatformDependent - -Dio.netty.noJavassist: false
10:09:02.505 [main] DEBUG i.n.util.internal.PlatformDependent - Javassist: unavailable
10:09:02.505 [main] DEBUG i.n.util.internal.PlatformDependent - You don't have Javassist in your class path or you don't have enough permission to load dynamically generated classes.  Please check the configuration for better performance.
10:09:02.505 [main] DEBUG i.n.util.internal.PlatformDependent - -Dio.netty.tmpdir: /tmp (java.io.tmpdir)
10:09:02.505 [main] DEBUG i.n.util.internal.PlatformDependent - -Dio.netty.bitMode: 64 (sun.arch.data.model)
10:09:02.505 [main] DEBUG i.n.util.internal.PlatformDependent - -Dio.netty.noPreferDirect: false
10:09:02.505 [main] DEBUG i.n.util.internal.PlatformDependent - io.netty.maxDirectMemory: 3689414656 bytes
10:09:02.505 [main] DEBUG i.n.buffer.PooledByteBufAllocator - -Dio.netty.allocator.numHeapArenas: 16
10:09:02.505 [main] DEBUG i.n.buffer.PooledByteBufAllocator - -Dio.netty.allocator.numDirectArenas: 16
10:09:02.505 [main] DEBUG i.n.buffer.PooledByteBufAllocator - -Dio.netty.allocator.pageSize: 8192
10:09:02.505 [main] DEBUG i.n.buffer.PooledByteBufAllocator - -Dio.netty.allocator.maxOrder: 11
10:09:02.505 [main] DEBUG i.n.buffer.PooledByteBufAllocator - -Dio.netty.allocator.chunkSize: 16777216
10:09:02.506 [main] DEBUG i.n.buffer.PooledByteBufAllocator - -Dio.netty.allocator.tinyCacheSize: 512
10:09:02.506 [main] DEBUG i.n.buffer.PooledByteBufAllocator - -Dio.netty.allocator.smallCacheSize: 256
10:09:02.506 [main] DEBUG i.n.buffer.PooledByteBufAllocator - -Dio.netty.allocator.normalCacheSize: 64
10:09:02.506 [main] DEBUG i.n.buffer.PooledByteBufAllocator - -Dio.netty.allocator.maxCachedBufferCapacity: 32768
10:09:02.506 [main] DEBUG i.n.buffer.PooledByteBufAllocator - -Dio.netty.allocator.cacheTrimInterval: 8192
10:09:02.537 [main] DEBUG i.n.c.MultithreadEventLoopGroup - -Dio.netty.eventLoopThreads: 16
10:09:02.550 [main] DEBUG io.netty.channel.nio.NioEventLoop - -Dio.netty.noKeySetOptimization: false
10:09:02.550 [main] DEBUG io.netty.channel.nio.NioEventLoop - -Dio.netty.selectorAutoRebuildThreshold: 512
10:09:02.572 [main] DEBUG io.netty.channel.DefaultChannelId - -Dio.netty.processId: 11389 (auto-detected)
10:09:02.574 [main] DEBUG io.netty.util.NetUtil - Loopback interface: lo (lo, 0:0:0:0:0:0:0:1%lo)
10:09:02.575 [main] DEBUG io.netty.util.NetUtil - /proc/sys/net/core/somaxconn: 128
10:09:02.576 [main] DEBUG io.netty.channel.DefaultChannelId - -Dio.netty.machineId: 00:50:56:ff:fe:c0:00:08 (auto-detected)
10:09:02.577 [main] DEBUG i.n.util.internal.ThreadLocalRandom - -Dio.netty.initialSeedUniquifier: 0x3f752851ab8ddcaa
10:09:02.584 [main] DEBUG io.netty.util.ResourceLeakDetector - -Dio.netty.leakDetection.level: simple
10:09:02.585 [main] DEBUG io.netty.util.ResourceLeakDetector - -Dio.netty.leakDetection.maxRecords: 4
10:09:02.591 [main] DEBUG io.netty.buffer.ByteBufUtil - -Dio.netty.allocator.type: pooled
10:09:02.591 [main] DEBUG io.netty.buffer.ByteBufUtil - -Dio.netty.threadLocalDirectBufferSize: 65536
10:09:02.591 [main] DEBUG io.netty.buffer.ByteBufUtil - -Dio.netty.maxThreadLocalCharBufferSize: 16384
10:31:38.661 [nioEventLoopGroup-3-1] DEBUG io.netty.util.Recycler - -Dio.netty.recycler.maxCapacity: 32768
10:31:38.661 [nioEventLoopGroup-3-1] DEBUG io.netty.util.Recycler - -Dio.netty.recycler.maxSharedCapacityFactor: 2
10:31:38.661 [nioEventLoopGroup-3-1] DEBUG io.netty.util.Recycler - -Dio.netty.recycler.linkCapacity: 16
10:31:38.668 [nioEventLoopGroup-3-1] DEBUG io.netty.buffer.AbstractByteBuf - -Dio.netty.buffer.bytebuf.checkAccessible: true
10:31:38.669 [nioEventLoopGroup-3-1] DEBUG i.n.util.ResourceLeakDetectorFactory - Loaded default ResourceLeakDetector: io.netty.util.ResourceLeakDetector@7c33f000
10:40:41.071 [main] DEBUG ws.test.TestServer - 涓枃杈撳嚭...
10:40:41.094 [main] DEBUG i.n.u.i.l.InternalLoggerFactory - Using SLF4J as the default logging framework
10:40:41.112 [main] DEBUG i.n.util.internal.PlatformDependent0 - java.nio.Buffer.address: available
10:40:41.114 [main] DEBUG i.n.util.internal.PlatformDependent0 - sun.misc.Unsafe.theUnsafe: available
10:40:41.115 [main] DEBUG i.n.util.internal.PlatformDependent0 - sun.misc.Unsafe.copyMemory: available
10:40:41.116 [main] DEBUG i.n.util.internal.PlatformDependent0 - java.nio.Bits.unaligned: true
10:40:41.116 [main] DEBUG i.n.util.internal.PlatformDependent0 - java.nio.DirectByteBuffer.<init>(long, int): available
10:40:41.118 [main] DEBUG io.netty.util.internal.Cleaner0 - java.nio.ByteBuffer.cleaner(): available
10:40:41.119 [main] DEBUG i.n.util.internal.PlatformDependent - Java version: 8
10:40:41.119 [main] DEBUG i.n.util.internal.PlatformDependent - -Dio.netty.noUnsafe: false
10:40:41.119 [main] DEBUG i.n.util.internal.PlatformDependent - sun.misc.Unsafe: available
10:40:41.120 [main] DEBUG i.n.util.internal.PlatformDependent - -Dio.netty.noJavassist: false
10:40:41.121 [main] DEBUG i.n.util.internal.PlatformDependent - Javassist: unavailable
10:40:41.121 [main] DEBUG i.n.util.internal.PlatformDependent - You don't have Javassist in your class path or you don't have enough permission to load dynamically generated classes.  Please check the configuration for better performance.
10:40:41.121 [main] DEBUG i.n.util.internal.PlatformDependent - -Dio.netty.tmpdir: /tmp (java.io.tmpdir)
10:40:41.122 [main] DEBUG i.n.util.internal.PlatformDependent - -Dio.netty.bitMode: 64 (sun.arch.data.model)
10:40:41.122 [main] DEBUG i.n.util.internal.PlatformDependent - -Dio.netty.noPreferDirect: false
10:40:41.122 [main] DEBUG i.n.util.internal.PlatformDependent - io.netty.maxDirectMemory: 3689414656 bytes
10:40:41.122 [main] DEBUG i.n.buffer.PooledByteBufAllocator - -Dio.netty.allocator.numHeapArenas: 16
10:40:41.122 [main] DEBUG i.n.buffer.PooledByteBufAllocator - -Dio.netty.allocator.numDirectArenas: 16
10:40:41.122 [main] DEBUG i.n.buffer.PooledByteBufAllocator - -Dio.netty.allocator.pageSize: 8192
10:40:41.122 [main] DEBUG i.n.buffer.PooledByteBufAllocator - -Dio.netty.allocator.maxOrder: 11
10:40:41.123 [main] DEBUG i.n.buffer.PooledByteBufAllocator - -Dio.netty.allocator.chunkSize: 16777216
10:40:41.123 [main] DEBUG i.n.buffer.PooledByteBufAllocator - -Dio.netty.allocator.tinyCacheSize: 512
10:40:41.123 [main] DEBUG i.n.buffer.PooledByteBufAllocator - -Dio.netty.allocator.smallCacheSize: 256
10:40:41.123 [main] DEBUG i.n.buffer.PooledByteBufAllocator - -Dio.netty.allocator.normalCacheSize: 64
10:40:41.123 [main] DEBUG i.n.buffer.PooledByteBufAllocator - -Dio.netty.allocator.maxCachedBufferCapacity: 32768
10:40:41.123 [main] DEBUG i.n.buffer.PooledByteBufAllocator - -Dio.netty.allocator.cacheTrimInterval: 8192
10:40:41.161 [main] DEBUG i.n.c.MultithreadEventLoopGroup - -Dio.netty.eventLoopThreads: 16
10:40:41.178 [main] DEBUG io.netty.channel.nio.NioEventLoop - -Dio.netty.noKeySetOptimization: false
10:40:41.178 [main] DEBUG io.netty.channel.nio.NioEventLoop - -Dio.netty.selectorAutoRebuildThreshold: 512
10:40:41.213 [main] DEBUG io.netty.channel.DefaultChannelId - -Dio.netty.processId: 13299 (auto-detected)
10:40:41.217 [main] DEBUG io.netty.util.NetUtil - Loopback interface: lo (lo, 0:0:0:0:0:0:0:1%lo)
10:40:41.218 [main] DEBUG io.netty.util.NetUtil - /proc/sys/net/core/somaxconn: 128
10:40:41.219 [main] DEBUG io.netty.channel.DefaultChannelId - -Dio.netty.machineId: 00:50:56:ff:fe:c0:00:08 (auto-detected)
10:40:41.219 [main] DEBUG i.n.util.internal.ThreadLocalRandom - -Dio.netty.initialSeedUniquifier: 0xb0a1ed92f8c6d086
10:40:41.229 [main] DEBUG io.netty.util.ResourceLeakDetector - -Dio.netty.leakDetection.level: simple
10:40:41.229 [main] DEBUG io.netty.util.ResourceLeakDetector - -Dio.netty.leakDetection.maxRecords: 4
10:40:41.238 [main] DEBUG io.netty.buffer.ByteBufUtil - -Dio.netty.allocator.type: pooled
10:40:41.238 [main] DEBUG io.netty.buffer.ByteBufUtil - -Dio.netty.threadLocalDirectBufferSize: 65536
10:40:41.239 [main] DEBUG io.netty.buffer.ByteBufUtil - -Dio.netty.maxThreadLocalCharBufferSize: 16384
